Logfile initialized
[INFO] logfile = /Users/thobach/Documents/Projekte/privat/cocktailberater/titanium-1-7-workspace/Cocktail/build.log
[DEBUG] /Users/thobach/Library/Application Support/Titanium/mobilesdk/osx/1.7.1/android/builder.py simulator Cocktail /Applications/android-sdk-mac_x86 /Users/thobach/Documents/Projekte/privat/cocktailberater/titanium-1-7-workspace/Cocktail de.cocktailberater.cocktails 1 HVGA 
[INFO] Building Cocktail for Android ... one moment
[INFO] Titanium SDK version: 1.7.1 (06/17/11 00:13 1293a6d...)
[DEBUG] Waiting for device to be ready ...
[TRACE] adb devices returned 1 devices/emulators
[DEBUG] Device connected... (waited 0 seconds)
[DEBUG] waited 0.049474 seconds on emulator to get ready
[DEBUG] de.cocktailberater.cocktails installed? True
[INFO] Fastdev server running, deploying in Fastdev mode
[INFO] Copying project resources..
[TRACE] COPYING CREATED FILE: /Users/thobach/Documents/Projekte/privat/cocktailberater/titanium-1-7-workspace/Cocktail/Resources/images/tab_cocktails_small_white.png => /Users/thobach/Documents/Projekte/privat/cocktailberater/titanium-1-7-workspace/Cocktail/build/android/bin/assets/Resources/images/tab_cocktails_small_white.png
[INFO] Tiapp.xml unchanged, skipping class generation
[DEBUG] Processing Android resource drawables
[DEBUG] found drawable-long-land-hdpi splash screen at /Users/thobach/Documents/Projekte/privat/cocktailberater/titanium-1-7-workspace/Cocktail/Resources/android/images/res-long-land-hdpi/default.png
[DEBUG] found drawable-long-land-ldpi splash screen at /Users/thobach/Documents/Projekte/privat/cocktailberater/titanium-1-7-workspace/Cocktail/Resources/android/images/res-long-land-ldpi/default.png
[DEBUG] found drawable-long-port-hdpi splash screen at /Users/thobach/Documents/Projekte/privat/cocktailberater/titanium-1-7-workspace/Cocktail/Resources/android/images/res-long-port-hdpi/default.png
[DEBUG] found drawable-long-port-ldpi splash screen at /Users/thobach/Documents/Projekte/privat/cocktailberater/titanium-1-7-workspace/Cocktail/Resources/android/images/res-long-port-ldpi/default.png
[DEBUG] found drawable-notlong-land-hdpi splash screen at /Users/thobach/Documents/Projekte/privat/cocktailberater/titanium-1-7-workspace/Cocktail/Resources/android/images/res-notlong-land-hdpi/default.png
[DEBUG] found drawable-notlong-land-ldpi splash screen at /Users/thobach/Documents/Projekte/privat/cocktailberater/titanium-1-7-workspace/Cocktail/Resources/android/images/res-notlong-land-ldpi/default.png
[DEBUG] found drawable-notlong-land-mdpi splash screen at /Users/thobach/Documents/Projekte/privat/cocktailberater/titanium-1-7-workspace/Cocktail/Resources/android/images/res-notlong-land-mdpi/default.png
[DEBUG] found drawable-notlong-port-hdpi splash screen at /Users/thobach/Documents/Projekte/privat/cocktailberater/titanium-1-7-workspace/Cocktail/Resources/android/images/res-notlong-port-hdpi/default.png
[DEBUG] found drawable-notlong-port-ldpi splash screen at /Users/thobach/Documents/Projekte/privat/cocktailberater/titanium-1-7-workspace/Cocktail/Resources/android/images/res-notlong-port-ldpi/default.png
[DEBUG] found drawable-notlong-port-mdpi splash screen at /Users/thobach/Documents/Projekte/privat/cocktailberater/titanium-1-7-workspace/Cocktail/Resources/android/images/res-notlong-port-mdpi/default.png
[INFO] Waiting for SDCard to become available..
[INFO] Re-launching application ... Cocktail
[INFO] Launching application ... Cocktail
[TRACE] Launch output: Starting: Intent { act=android.intent.action.MAIN cat=[android.intent.category.LAUNCHER] cmp=de.cocktailberater.cocktails/.CocktailActivity }
Warning: Activity not started, its current task has been brought to the front

[INFO] Relaunched Cocktail ... Application should be running.
